build/outputs/logs/manifest-merger-debug-report.txt
-- Merging decision tree log ---
manifest
ADDED from 下载/AppOpsXposed/AndroidManifest.xml:1:1-122:12
	package
		ADDED from 下载/AppOpsXposed/AndroidManifest.xml:2:2-36
	android:versionName
		INJECTED from 下载/AppOpsXposed/AndroidManifest.xml
		INJECTED from 下载/AppOpsXposed/AndroidManifest.xml
	xmlns:android
		ADDED from 下载/AppOpsXposed/AndroidManifest.xml:1:11-69
	android:versionCode
		INJECTED from 下载/AppOpsXposed/AndroidManifest.xml
		INJECTED from 下载/AppOpsXposed/AndroidManifest.xml
uses-permission#android.permission.WAKE_LOCK
ADDED from 下载/AppOpsXposed/AndroidManifest.xml:4:5-68
	android:name
		ADDED from 下载/AppOpsXposed/AndroidManifest.xml:4:22-65
uses-permission#android.permission.GET_APP_OPS_STATS
ADDED from 下载/AppOpsXposed/AndroidManifest.xml:5:5-76
	android:name
		ADDED from 下载/AppOpsXposed/AndroidManifest.xml:5:22-73
uses-permission#android.permission.UPDATE_APP_OPS_STATS
ADDED from 下载/AppOpsXposed/AndroidManifest.xml:6:5-79
	android:name
		ADDED from 下载/AppOpsXposed/AndroidManifest.xml:6:22-76
uses-permission#android.permission.WRITE_EXTERNAL_STORAGE
ADDED from 下载/AppOpsXposed/AndroidManifest.xml:7:5-81
	android:name
		ADDED from 下载/AppOpsXposed/AndroidManifest.xml:7:22-78
application
ADDED from 下载/AppOpsXposed/AndroidManifest.xml:9:5-121:19
MERGED from [com.android.support:support-v13:21.0.0] AndroidManifest.xml:16:5-19
MERGED from [com.android.support:support-v4:21.0.0] AndroidManifest.xml:16:5-19
	android:label
		ADDED from 下载/AppOpsXposed/AndroidManifest.xml:9:18-46
	android:allowBackup
		ADDED from 下载/AppOpsXposed/AndroidManifest.xml:11:9-35
	android:icon
		ADDED from 下载/AppOpsXposed/AndroidManifest.xml:12:9-46
	android:theme
		ADDED from 下载/AppOpsXposed/AndroidManifest.xml:13:9-44
	android:name
		ADDED from 下载/AppOpsXposed/AndroidManifest.xml:10:9-40
meta-data#xposedmodule
ADDED from 下载/AppOpsXposed/AndroidManifest.xml:14:9-71
	android:value
		ADDED from 下载/AppOpsXposed/AndroidManifest.xml:14:48-68
	android:name
		ADDED from 下载/AppOpsXposed/AndroidManifest.xml:14:20-47
meta-data#xposedminversion
ADDED from 下载/AppOpsXposed/AndroidManifest.xml:15:9-75
	android:value
		ADDED from 下载/AppOpsXposed/AndroidManifest.xml:15:52-72
	android:name
		ADDED from 下载/AppOpsXposed/AndroidManifest.xml:15:20-51
meta-data#xposeddescription
ADDED from 下载/AppOpsXposed/AndroidManifest.xml:16:9-91
	android:value
		ADDED from 下载/AppOpsXposed/AndroidManifest.xml:16:53-88
	android:name
		ADDED from 下载/AppOpsXposed/AndroidManifest.xml:16:20-52
activity#at.jclehner.appopsxposed.LauncherActivity
ADDED from 下载/AppOpsXposed/AndroidManifest.xml:29:9-32:62
	android:label
		ADDED from 下载/AppOpsXposed/AndroidManifest.xml:31:13-41
	android:configChanges
		ADDED from 下载/AppOpsXposed/AndroidManifest.xml:32:13-59
	android:name
		ADDED from 下载/AppOpsXposed/AndroidManifest.xml:30:13-45
activity#at.jclehner.appopsxposed.AppOpsActivity
ADDED from 下载/AppOpsXposed/AndroidManifest.xml:34:9-42:20
	android:label
		ADDED from 下载/AppOpsXposed/AndroidManifest.xml:36:13-41
	android:name
		ADDED from 下载/AppOpsXposed/AndroidManifest.xml:35:13-43
intent-filter#android.intent.category.DEFAULT+android.settings.APP_OPS_SETTINGS
ADDED from 下载/AppOpsXposed/AndroidManifest.xml:37:13-41:29
action#android.settings.APP_OPS_SETTINGS
ADDED from 下载/AppOpsXposed/AndroidManifest.xml:39:17-76
	android:name
		ADDED from 下载/AppOpsXposed/AndroidManifest.xml:39:25-73
category#android.intent.category.DEFAULT
ADDED from 下载/AppOpsXposed/AndroidManifest.xml:40:17-76
	android:name
		ADDED from 下载/AppOpsXposed/AndroidManifest.xml:40:27-73
activity#at.jclehner.appopsxposed.SettingsActivity
ADDED from 下载/AppOpsXposed/AndroidManifest.xml:44:9-52:20
	android:label
		ADDED from 下载/AppOpsXposed/AndroidManifest.xml:46:13-41
	android:configChanges
		ADDED from 下载/AppOpsXposed/AndroidManifest.xml:47:13-59
	android:name
		ADDED from 下载/AppOpsXposed/AndroidManifest.xml:45:13-45
intent-filter#android.intent.action.MAIN+de.robv.android.xposed.category.MODULE_SETTINGS
ADDED from 下载/AppOpsXposed/AndroidManifest.xml:48:13-51:29
action#android.intent.action.MAIN
ADDED from 下载/AppOpsXposed/AndroidManifest.xml:49:17-69
	android:name
		ADDED from 下载/AppOpsXposed/AndroidManifest.xml:49:25-66
category#de.robv.android.xposed.category.MODULE_SETTINGS
ADDED from 下载/AppOpsXposed/AndroidManifest.xml:50:17-92
	android:name
		ADDED from 下载/AppOpsXposed/AndroidManifest.xml:50:27-89
activity#at.jclehner.appopsxposed.LauncherActivity$HtcActivity2
ADDED from 下载/AppOpsXposed/AndroidManifest.xml:54:9-69:20
	android:enabled
		ADDED from 下载/AppOpsXposed/AndroidManifest.xml:59:13-35
	android:label
		ADDED from 下载/AppOpsXposed/AndroidManifest.xml:57:13-53
	android:excludeFromRecents
		ADDED from 下载/AppOpsXposed/AndroidManifest.xml:58:13-46
	android:icon
		ADDED from 下载/AppOpsXposed/AndroidManifest.xml:56:13-53
	android:name
		ADDED from 下载/AppOpsXposed/AndroidManifest.xml:55:13-58
intent-filter#android.intent.action.MAIN+com.htc.settings.category.PLUGIN_ENTRY
ADDED from 下载/AppOpsXposed/AndroidManifest.xml:60:13-63:29
category#com.htc.settings.category.PLUGIN_ENTRY
ADDED from 下载/AppOpsXposed/AndroidManifest.xml:62:17-83
	android:name
		ADDED from 下载/AppOpsXposed/AndroidManifest.xml:62:27-80
meta-data#plugAnchorItem
ADDED from 下载/AppOpsXposed/AndroidManifest.xml:65:13-76
	android:value
		ADDED from 下载/AppOpsXposed/AndroidManifest.xml:65:54-74
	android:name
		ADDED from 下载/AppOpsXposed/AndroidManifest.xml:65:24-53
meta-data#plugAnchorShift
ADDED from 下载/AppOpsXposed/AndroidManifest.xml:66:13-76
	android:value
		ADDED from 下载/AppOpsXposed/AndroidManifest.xml:66:55-74
	android:name
		ADDED from 下载/AppOpsXposed/AndroidManifest.xml:66:24-54
meta-data#plugLaunchType
ADDED from 下载/AppOpsXposed/AndroidManifest.xml:67:13-80
	android:value
		ADDED from 下载/AppOpsXposed/AndroidManifest.xml:67:54-78
	android:name
		ADDED from 下载/AppOpsXposed/AndroidManifest.xml:67:24-53
meta-data#plugLaunchTarget
ADDED from 下载/AppOpsXposed/AndroidManifest.xml:68:13-143
	android:value
		ADDED from 下载/AppOpsXposed/AndroidManifest.xml:68:56-141
	android:name
		ADDED from 下载/AppOpsXposed/AndroidManifest.xml:68:24-55
activity-alias#at.jclehner.appopsxposed.LauncherActivity-Icon
ADDED from 下载/AppOpsXposed/AndroidManifest.xml:90:9-100:26
	android:enabled
		ADDED from 下载/AppOpsXposed/AndroidManifest.xml:91:13-35
	android:label
		ADDED from 下载/AppOpsXposed/AndroidManifest.xml:94:13-41
	android:targetActivity
		ADDED from 下载/AppOpsXposed/AndroidManifest.xml:95:13-55
	android:icon
		ADDED from 下载/AppOpsXposed/AndroidManifest.xml:93:13-50
	android:name
		ADDED from 下载/AppOpsXposed/AndroidManifest.xml:92:13-50
intent-filter#android.intent.action.MAIN+android.intent.category.LAUNCHER
ADDED from 下载/AppOpsXposed/AndroidManifest.xml:96:12-99:29
category#android.intent.category.LAUNCHER
ADDED from 下载/AppOpsXposed/AndroidManifest.xml:98:17-77
	android:name
		ADDED from 下载/AppOpsXposed/AndroidManifest.xml:98:27-74
provider#android.support.v4.content.FileProvider
ADDED from 下载/AppOpsXposed/AndroidManifest.xml:102:9-110:20
	android:authorities
		ADDED from 下载/AppOpsXposed/AndroidManifest.xml:104:13-65
	android:grantUriPermissions
		ADDED from 下载/AppOpsXposed/AndroidManifest.xml:106:13-47
	android:exported
		ADDED from 下载/AppOpsXposed/AndroidManifest.xml:105:13-37
	android:name
		ADDED from 下载/AppOpsXposed/AndroidManifest.xml:103:13-67
meta-data#android.support.FILE_PROVIDER_PATHS
ADDED from 下载/AppOpsXposed/AndroidManifest.xml:107:13-109:49
	android:resource
		ADDED from 下载/AppOpsXposed/AndroidManifest.xml:109:17-46
	android:name
		ADDED from 下载/AppOpsXposed/AndroidManifest.xml:108:17-67
receiver#at.jclehner.appopsxposed.SystemEventReceiver
ADDED from 下载/AppOpsXposed/AndroidManifest.xml:112:9-120:20
	android:exported
		ADDED from 下载/AppOpsXposed/AndroidManifest.xml:114:13-37
	android:name
		ADDED from 下载/AppOpsXposed/AndroidManifest.xml:113:13-48
intent-filter#android.intent.action.PACKAGE_ADDED+android.intent.action.PACKAGE_REPLACED
ADDED from 下载/AppOpsXposed/AndroidManifest.xml:115:13-119:29
action#android.intent.action.PACKAGE_ADDED
ADDED from 下载/AppOpsXposed/AndroidManifest.xml:116:17-78
	android:name
		ADDED from 下载/AppOpsXposed/AndroidManifest.xml:116:25-75
action#android.intent.action.PACKAGE_REPLACED
ADDED from 下载/AppOpsXposed/AndroidManifest.xml:117:17-81
	android:name
		ADDED from 下载/AppOpsXposed/AndroidManifest.xml:117:25-78
data
ADDED from 下载/AppOpsXposed/AndroidManifest.xml:118:17-50
	android:scheme
		ADDED from 下载/AppOpsXposed/AndroidManifest.xml:118:23-47
uses-sdk
INJECTED from 下载/AppOpsXposed/AndroidManifest.xml reason: use-sdk injection requested
MERGED from [com.android.support:support-v13:21.0.0] AndroidManifest.xml:15:5-43
MERGED from [com.android.support:support-v4:21.0.0] AndroidManifest.xml:15:5-42
	android:targetSdkVersion
		INJECTED from 下载/AppOpsXposed/AndroidManifest.xml
		INJECTED from 下载/AppOpsXposed/AndroidManifest.xml
	android:minSdkVersion
		INJECTED from 下载/AppOpsXposed/AndroidManifest.xml
		INJECTED from 下载/AppOpsXposed/AndroidManifest.xml